Имя функции: hello_world
Дата запуска функции: 2024-06-14
Время запуска функции: 12:34:34.650576
args=()
{}
Результат: Hello World

Имя функции: summator
Дата запуска функции: 2024-06-14
Время запуска функции: 12:34:34.650576
args=(2, 2)
{}
Результат: 4

Имя функции: div
Дата запуска функции: 2024-06-14
Время запуска функции: 12:34:34.651573
args=(6, 2)
{}
Результат: 3.0

Имя функции: summator
Дата запуска функции: 2024-06-14
Время запуска функции: 12:34:34.652570
args=(4.3,)
{'b': 2.2}
Результат: 6.5

Имя функции: summator
Дата запуска функции: 2024-06-14
Время запуска функции: 12:34:34.652570
args=()
{'a': 0, 'b': 0}
Результат: 0

